app/build/intermediates/manifest_merge_blame_file/release/manifest-merger-blame-release-report.txt
1<?xml version="1.0" encoding="utf-8"?>
2<manifest xmlns:android="http://schemas.android.com/apk/res/android"
3    package="com.demo.dagger2demo_kotlin"
4    android:versionCode="1"
5    android:versionName="1.0" >
6
7    <uses-sdk
8        android:minSdkVersion="24"
8-->src\main\AndroidManifest.xml
9        android:targetSdkVersion="30" />
9-->src\main\AndroidManifest.xml
10
11    <uses-permission android:name="android.permission.INTERNET" />
11-->src\main\AndroidManifest.xml:5:5-66
11-->src\main\AndroidManifest.xml:5:22-64
12
13    <application
13-->src\main\AndroidManifest.xml:7:5-22:19
14        android:name="com.demo.dagger2demo_kotlin.MyApplication"
14-->src\main\AndroidManifest.xml:9:9-38
15        android:allowBackup="true"
15-->src\main\AndroidManifest.xml:8:9-35
16        android:appComponentFactory="androidx.core.app.CoreComponentFactory"
16-->[androidx.core:core:1.3.2] AndroidManifest.xml:24:18-86
17        android:extractNativeLibs="false"
18        android:icon="@mipmap/ic_launcher"
18-->src\main\AndroidManifest.xml:10:9-43
19        android:label="@string/app_name"
19-->src\main\AndroidManifest.xml:11:9-41
20        android:roundIcon="@mipmap/ic_launcher_round"
20-->src\main\AndroidManifest.xml:12:9-54
21        android:supportsRtl="true"
21-->src\main\AndroidManifest.xml:13:9-35
22        android:theme="@style/Theme.Dagger2Demo_Kotlin" >
22-->src\main\AndroidManifest.xml:14:9-56
23        <activity android:name="com.demo.dagger2demo_kotlin.MainActivity" >
23-->src\main\AndroidManifest.xml:15:9-21:20
23-->src\main\AndroidManifest.xml:15:19-47
24            <intent-filter>
24-->src\main\AndroidManifest.xml:16:13-20:29
25                <action android:name="android.intent.action.MAIN" />
25-->src\main\AndroidManifest.xml:17:17-69
25-->src\main\AndroidManifest.xml:17:25-66
26
27                <category android:name="android.intent.category.LAUNCHER" />
27-->src\main\AndroidManifest.xml:19:17-77
27-->src\main\AndroidManifest.xml:19:27-74
28            </intent-filter>
29        </activity>
30
31        <provider
31-->[androidx.lifecycle:lifecycle-process:2.2.0] AndroidManifest.xml:25:9-29:43
32            android:name="androidx.lifecycle.ProcessLifecycleOwnerInitializer"
32-->[androidx.lifecycle:lifecycle-process:2.2.0] AndroidManifest.xml:26:13-79
33            android:authorities="com.demo.dagger2demo_kotlin.lifecycle-process"
33-->[androidx.lifecycle:lifecycle-process:2.2.0] AndroidManifest.xml:27:13-69
34            android:exported="false"
34-->[androidx.lifecycle:lifecycle-process:2.2.0] AndroidManifest.xml:28:13-37
35            android:multiprocess="true" />
35-->[androidx.lifecycle:lifecycle-process:2.2.0] AndroidManifest.xml:29:13-40
36    </application>
37
38</manifest>